INFO: [VRFC 10-2263] Analyzing SystemVerilog file "C:/Users/theox/Desktop/NES_Urbana_777/NES_Urbana_777.srcs/sources_1/new/ROM.sv" into library xil_defaultlib
INFO: [VRFC 10-311] analyzing module ROM
INFO: [VRFC 10-2263] Analyzing SystemVerilog file "C:/Users/theox/Desktop/NES_Urbana_777/NES_Urbana_777.srcs/sources_1/imports/src/VGA_Controller.sv" into library xil_defaultlib
INFO: [VRFC 10-311] analyzing module VGA_Controller
INFO: [VRFC 10-2263] Analyzing SystemVerilog file "C:/Users/theox/Desktop/NES_Urbana_777/NES_Urbana_777.srcs/sources_1/imports/src/controller.sv" into library xil_defaultlib
INFO: [VRFC 10-311] analyzing module controller
WARNING: [VRFC 10-3380] identifier 'controller_din' is used before its declaration [C:/Users/theox/Desktop/NES_Urbana_777/NES_Urbana_777.srcs/sources_1/imports/src/controller.sv:15]
WARNING: [VRFC 10-3380] identifier 'controller_din' is used before its declaration [C:/Users/theox/Desktop/NES_Urbana_777/NES_Urbana_777.srcs/sources_1/imports/src/controller.sv:16]
INFO: [VRFC 10-2263] Analyzing SystemVerilog file "C:/Users/theox/Desktop/NES_Urbana_777/NES_Urbana_777.srcs/sources_1/new/dpram.sv" into library xil_defaultlib
INFO: [VRFC 10-311] analyzing module dual_port_ram_diff_clk
INFO: [VRFC 10-2263] Analyzing SystemVerilog file "C:/Users/theox/Desktop/NES_Urbana_777/NES_Urbana_777.srcs/sources_1/new/hex_driver.sv" into library xil_defaultlib
INFO: [VRFC 10-311] analyzing module hex_driver
INFO: [VRFC 10-311] analyzing module nibble_to_hex
INFO: [VRFC 10-2263] Analyzing SystemVerilog file "C:/Users/theox/Desktop/NES_Urbana_777/NES_Urbana_777.srcs/sources_1/imports/src/ppu.sv" into library xil_defaultlib
INFO: [VRFC 10-311] analyzing module ppu
WARNING: [VRFC 10-3380] identifier 'DrawX' is used before its declaration [C:/Users/theox/Desktop/NES_Urbana_777/NES_Urbana_777.srcs/sources_1/imports/src/ppu.sv:53]
WARNING: [VRFC 10-3380] identifier 'DrawY' is used before its declaration [C:/Users/theox/Desktop/NES_Urbana_777/NES_Urbana_777.srcs/sources_1/imports/src/ppu.sv:134]
WARNING: [VRFC 10-3380] identifier 'DrawY' is used before its declaration [C:/Users/theox/Desktop/NES_Urbana_777/NES_Urbana_777.srcs/sources_1/imports/src/ppu.sv:136]
WARNING: [VRFC 10-3380] identifier 'chr_dout0' is used before its declaration [C:/Users/theox/Desktop/NES_Urbana_777/NES_Urbana_777.srcs/sources_1/imports/src/ppu.sv:168]
WARNING: [VRFC 10-3380] identifier 'vram_dout0' is used before its declaration [C:/Users/theox/Desktop/NES_Urbana_777/NES_Urbana_777.srcs/sources_1/imports/src/ppu.sv:173]
WARNING: [VRFC 10-3380] identifier 'palette_mem' is used before its declaration [C:/Users/theox/Desktop/NES_Urbana_777/NES_Urbana_777.srcs/sources_1/imports/src/ppu.sv:179]
WARNING: [VRFC 10-3380] identifier 'palette_mem' is used before its declaration [C:/Users/theox/Desktop/NES_Urbana_777/NES_Urbana_777.srcs/sources_1/imports/src/ppu.sv:181]
WARNING: [VRFC 10-3380] identifier 'palette_mem' is used before its declaration [C:/Users/theox/Desktop/NES_Urbana_777/NES_Urbana_777.srcs/sources_1/imports/src/ppu.sv:185]
WARNING: [VRFC 10-3380] identifier 'palette_mem' is used before its declaration [C:/Users/theox/Desktop/NES_Urbana_777/NES_Urbana_777.srcs/sources_1/imports/src/ppu.sv:187]
WARNING: [VRFC 10-3380] identifier 'vram_wren0' is used before its declaration [C:/Users/theox/Desktop/NES_Urbana_777/NES_Urbana_777.srcs/sources_1/imports/src/ppu.sv:200]
WARNING: [VRFC 10-3380] identifier 'vram_din0' is used before its declaration [C:/Users/theox/Desktop/NES_Urbana_777/NES_Urbana_777.srcs/sources_1/imports/src/ppu.sv:201]
WARNING: [VRFC 10-3380] identifier 'vram_addr0' is used before its declaration [C:/Users/theox/Desktop/NES_Urbana_777/NES_Urbana_777.srcs/sources_1/imports/src/ppu.sv:202]
WARNING: [VRFC 10-3380] identifier 'chr_addr0' is used before its declaration [C:/Users/theox/Desktop/NES_Urbana_777/NES_Urbana_777.srcs/sources_1/imports/src/ppu.sv:207]
WARNING: [VRFC 10-3380] identifier 'chr_addr0' is used before its declaration [C:/Users/theox/Desktop/NES_Urbana_777/NES_Urbana_777.srcs/sources_1/imports/src/ppu.sv:211]
WARNING: [VRFC 10-3380] identifier 'vram_wren0' is used before its declaration [C:/Users/theox/Desktop/NES_Urbana_777/NES_Urbana_777.srcs/sources_1/imports/src/ppu.sv:215]
WARNING: [VRFC 10-3380] identifier 'vram_addr0' is used before its declaration [C:/Users/theox/Desktop/NES_Urbana_777/NES_Urbana_777.srcs/sources_1/imports/src/ppu.sv:229]
WARNING: [VRFC 10-3380] identifier 'DrawX' is used before its declaration [C:/Users/theox/Desktop/NES_Urbana_777/NES_Urbana_777.srcs/sources_1/imports/src/ppu.sv:280]
WARNING: [VRFC 10-3380] identifier 'x_final' is used before its declaration [C:/Users/theox/Desktop/NES_Urbana_777/NES_Urbana_777.srcs/sources_1/imports/src/ppu.sv:281]
WARNING: [VRFC 10-3380] identifier 'x_final' is used before its declaration [C:/Users/theox/Desktop/NES_Urbana_777/NES_Urbana_777.srcs/sources_1/imports/src/ppu.sv:299]
WARNING: [VRFC 10-3380] identifier 'DrawX' is used before its declaration [C:/Users/theox/Desktop/NES_Urbana_777/NES_Urbana_777.srcs/sources_1/imports/src/ppu.sv:305]
WARNING: [VRFC 10-3380] identifier 'DrawX' is used before its declaration [C:/Users/theox/Desktop/NES_Urbana_777/NES_Urbana_777.srcs/sources_1/imports/src/ppu.sv:306]
WARNING: [VRFC 10-3380] identifier 'DrawX' is used before its declaration [C:/Users/theox/Desktop/NES_Urbana_777/NES_Urbana_777.srcs/sources_1/imports/src/ppu.sv:309]
WARNING: [VRFC 10-3380] identifier 'DrawX' is used before its declaration [C:/Users/theox/Desktop/NES_Urbana_777/NES_Urbana_777.srcs/sources_1/imports/src/ppu.sv:313]
WARNING: [VRFC 10-3380] identifier 'DrawX' is used before its declaration [C:/Users/theox/Desktop/NES_Urbana_777/NES_Urbana_777.srcs/sources_1/imports/src/ppu.sv:332]
WARNING: [VRFC 10-3380] identifier 'DrawY' is used before its declaration [C:/Users/theox/Desktop/NES_Urbana_777/NES_Urbana_777.srcs/sources_1/imports/src/ppu.sv:333]
WARNING: [VRFC 10-3380] identifier 'DrawX' is used before its declaration [C:/Users/theox/Desktop/NES_Urbana_777/NES_Urbana_777.srcs/sources_1/imports/src/ppu.sv:338]
WARNING: [VRFC 10-3380] identifier 'DrawX' is used before its declaration [C:/Users/theox/Desktop/NES_Urbana_777/NES_Urbana_777.srcs/sources_1/imports/src/ppu.sv:342]
WARNING: [VRFC 10-3380] identifier 'DrawX' is used before its declaration [C:/Users/theox/Desktop/NES_Urbana_777/NES_Urbana_777.srcs/sources_1/imports/src/ppu.sv:358]
WARNING: [VRFC 10-3380] identifier 'DrawX' is used before its declaration [C:/Users/theox/Desktop/NES_Urbana_777/NES_Urbana_777.srcs/sources_1/imports/src/ppu.sv:371]
WARNING: [VRFC 10-3380] identifier 'DrawX' is used before its declaration [C:/Users/theox/Desktop/NES_Urbana_777/NES_Urbana_777.srcs/sources_1/imports/src/ppu.sv:379]
WARNING: [VRFC 10-3380] identifier 'DrawX' is used before its declaration [C:/Users/theox/Desktop/NES_Urbana_777/NES_Urbana_777.srcs/sources_1/imports/src/ppu.sv:387]
WARNING: [VRFC 10-3380] identifier 'DrawX' is used before its declaration [C:/Users/theox/Desktop/NES_Urbana_777/NES_Urbana_777.srcs/sources_1/imports/src/ppu.sv:388]
WARNING: [VRFC 10-3380] identifier 'sprite_attr' is used before its declaration [C:/Users/theox/Desktop/NES_Urbana_777/NES_Urbana_777.srcs/sources_1/imports/src/ppu.sv:391]
WARNING: [VRFC 10-3380] identifier 'sprite_tile' is used before its declaration [C:/Users/theox/Desktop/NES_Urbana_777/NES_Urbana_777.srcs/sources_1/imports/src/ppu.sv:392]
WARNING: [VRFC 10-3380] identifier 'sprite_tile' is used before its declaration [C:/Users/theox/Desktop/NES_Urbana_777/NES_Urbana_777.srcs/sources_1/imports/src/ppu.sv:394]
WARNING: [VRFC 10-3380] identifier 'sprite_attr' is used before its declaration [C:/Users/theox/Desktop/NES_Urbana_777/NES_Urbana_777.srcs/sources_1/imports/src/ppu.sv:399]
WARNING: [VRFC 10-3380] identifier 'sprite_tile' is used before its declaration [C:/Users/theox/Desktop/NES_Urbana_777/NES_Urbana_777.srcs/sources_1/imports/src/ppu.sv:400]
WARNING: [VRFC 10-3380] identifier 'sprite_tile' is used before its declaration [C:/Users/theox/Desktop/NES_Urbana_777/NES_Urbana_777.srcs/sources_1/imports/src/ppu.sv:402]
WARNING: [VRFC 10-3380] identifier 'DrawX' is used before its declaration [C:/Users/theox/Desktop/NES_Urbana_777/NES_Urbana_777.srcs/sources_1/imports/src/ppu.sv:471]
WARNING: [VRFC 10-3380] identifier 'DrawX' is used before its declaration [C:/Users/theox/Desktop/NES_Urbana_777/NES_Urbana_777.srcs/sources_1/imports/src/ppu.sv:474]
WARNING: [VRFC 10-3380] identifier 'DrawX' is used before its declaration [C:/Users/theox/Desktop/NES_Urbana_777/NES_Urbana_777.srcs/sources_1/imports/src/ppu.sv:482]
WARNING: [VRFC 10-3380] identifier 'DrawX' is used before its declaration [C:/Users/theox/Desktop/NES_Urbana_777/NES_Urbana_777.srcs/sources_1/imports/src/ppu.sv:486]
WARNING: [VRFC 10-3380] identifier 'DrawX' is used before its declaration [C:/Users/theox/Desktop/NES_Urbana_777/NES_Urbana_777.srcs/sources_1/imports/src/ppu.sv:487]
WARNING: [VRFC 10-3380] identifier 'y_pos_in_sprite' is used before its declaration [C:/Users/theox/Desktop/NES_Urbana_777/NES_Urbana_777.srcs/sources_1/imports/src/ppu.sv:490]
WARNING: [VRFC 10-3380] identifier 'DrawX' is used before its declaration [C:/Users/theox/Desktop/NES_Urbana_777/NES_Urbana_777.srcs/sources_1/imports/src/ppu.sv:529]
WARNING: [VRFC 10-3380] identifier 'DrawY' is used before its declaration [C:/Users/theox/Desktop/NES_Urbana_777/NES_Urbana_777.srcs/sources_1/imports/src/ppu.sv:530]
WARNING: [VRFC 10-3380] identifier 'DrawX' is used before its declaration [C:/Users/theox/Desktop/NES_Urbana_777/NES_Urbana_777.srcs/sources_1/imports/src/ppu.sv:605]
WARNING: [VRFC 10-3380] identifier 'DrawX' is used before its declaration [C:/Users/theox/Desktop/NES_Urbana_777/NES_Urbana_777.srcs/sources_1/imports/src/ppu.sv:607]
WARNING: [VRFC 10-3380] identifier 'DrawX' is used before its declaration [C:/Users/theox/Desktop/NES_Urbana_777/NES_Urbana_777.srcs/sources_1/imports/src/ppu.sv:608]
WARNING: [VRFC 10-3380] identifier 'DrawX' is used before its declaration [C:/Users/theox/Desktop/NES_Urbana_777/NES_Urbana_777.srcs/sources_1/imports/src/ppu.sv:610]
WARNING: [VRFC 10-3380] identifier 'DrawX' is used before its declaration [C:/Users/theox/Desktop/NES_Urbana_777/NES_Urbana_777.srcs/sources_1/imports/src/ppu.sv:611]
WARNING: [VRFC 10-3380] identifier 'DrawX' is used before its declaration [C:/Users/theox/Desktop/NES_Urbana_777/NES_Urbana_777.srcs/sources_1/imports/src/ppu.sv:615]
WARNING: [VRFC 10-3380] identifier 'DrawX' is used before its declaration [C:/Users/theox/Desktop/NES_Urbana_777/NES_Urbana_777.srcs/sources_1/imports/src/ppu.sv:617]
WARNING: [VRFC 10-3380] identifier 'DrawX' is used before its declaration [C:/Users/theox/Desktop/NES_Urbana_777/NES_Urbana_777.srcs/sources_1/imports/src/ppu.sv:618]
WARNING: [VRFC 10-3380] identifier 'DrawX' is used before its declaration [C:/Users/theox/Desktop/NES_Urbana_777/NES_Urbana_777.srcs/sources_1/imports/src/ppu.sv:620]
WARNING: [VRFC 10-3380] identifier 'DrawX' is used before its declaration [C:/Users/theox/Desktop/NES_Urbana_777/NES_Urbana_777.srcs/sources_1/imports/src/ppu.sv:621]
WARNING: [VRFC 10-3380] identifier 'DrawX' is used before its declaration [C:/Users/theox/Desktop/NES_Urbana_777/NES_Urbana_777.srcs/sources_1/imports/src/ppu.sv:625]
WARNING: [VRFC 10-3380] identifier 'DrawX' is used before its declaration [C:/Users/theox/Desktop/NES_Urbana_777/NES_Urbana_777.srcs/sources_1/imports/src/ppu.sv:627]
WARNING: [VRFC 10-3380] identifier 'DrawX' is used before its declaration [C:/Users/theox/Desktop/NES_Urbana_777/NES_Urbana_777.srcs/sources_1/imports/src/ppu.sv:628]
WARNING: [VRFC 10-3380] identifier 'DrawX' is used before its declaration [C:/Users/theox/Desktop/NES_Urbana_777/NES_Urbana_777.srcs/sources_1/imports/src/ppu.sv:630]
WARNING: [VRFC 10-3380] identifier 'DrawX' is used before its declaration [C:/Users/theox/Desktop/NES_Urbana_777/NES_Urbana_777.srcs/sources_1/imports/src/ppu.sv:631]
WARNING: [VRFC 10-3380] identifier 'DrawX' is used before its declaration [C:/Users/theox/Desktop/NES_Urbana_777/NES_Urbana_777.srcs/sources_1/imports/src/ppu.sv:635]
WARNING: [VRFC 10-3380] identifier 'DrawX' is used before its declaration [C:/Users/theox/Desktop/NES_Urbana_777/NES_Urbana_777.srcs/sources_1/imports/src/ppu.sv:637]
WARNING: [VRFC 10-3380] identifier 'DrawX' is used before its declaration [C:/Users/theox/Desktop/NES_Urbana_777/NES_Urbana_777.srcs/sources_1/imports/src/ppu.sv:638]
WARNING: [VRFC 10-3380] identifier 'DrawX' is used before its declaration [C:/Users/theox/Desktop/NES_Urbana_777/NES_Urbana_777.srcs/sources_1/imports/src/ppu.sv:640]
WARNING: [VRFC 10-3380] identifier 'DrawX' is used before its declaration [C:/Users/theox/Desktop/NES_Urbana_777/NES_Urbana_777.srcs/sources_1/imports/src/ppu.sv:641]
WARNING: [VRFC 10-3380] identifier 'DrawX' is used before its declaration [C:/Users/theox/Desktop/NES_Urbana_777/NES_Urbana_777.srcs/sources_1/imports/src/ppu.sv:645]
WARNING: [VRFC 10-3380] identifier 'DrawX' is used before its declaration [C:/Users/theox/Desktop/NES_Urbana_777/NES_Urbana_777.srcs/sources_1/imports/src/ppu.sv:647]
WARNING: [VRFC 10-3380] identifier 'DrawX' is used before its declaration [C:/Users/theox/Desktop/NES_Urbana_777/NES_Urbana_777.srcs/sources_1/imports/src/ppu.sv:648]
WARNING: [VRFC 10-3380] identifier 'DrawX' is used before its declaration [C:/Users/theox/Desktop/NES_Urbana_777/NES_Urbana_777.srcs/sources_1/imports/src/ppu.sv:650]
WARNING: [VRFC 10-3380] identifier 'DrawX' is used before its declaration [C:/Users/theox/Desktop/NES_Urbana_777/NES_Urbana_777.srcs/sources_1/imports/src/ppu.sv:651]
WARNING: [VRFC 10-3380] identifier 'DrawX' is used before its declaration [C:/Users/theox/Desktop/NES_Urbana_777/NES_Urbana_777.srcs/sources_1/imports/src/ppu.sv:655]
WARNING: [VRFC 10-3380] identifier 'DrawX' is used before its declaration [C:/Users/theox/Desktop/NES_Urbana_777/NES_Urbana_777.srcs/sources_1/imports/src/ppu.sv:657]
WARNING: [VRFC 10-3380] identifier 'DrawX' is used before its declaration [C:/Users/theox/Desktop/NES_Urbana_777/NES_Urbana_777.srcs/sources_1/imports/src/ppu.sv:658]
WARNING: [VRFC 10-3380] identifier 'DrawX' is used before its declaration [C:/Users/theox/Desktop/NES_Urbana_777/NES_Urbana_777.srcs/sources_1/imports/src/ppu.sv:660]
WARNING: [VRFC 10-3380] identifier 'DrawX' is used before its declaration [C:/Users/theox/Desktop/NES_Urbana_777/NES_Urbana_777.srcs/sources_1/imports/src/ppu.sv:661]
WARNING: [VRFC 10-3380] identifier 'DrawX' is used before its declaration [C:/Users/theox/Desktop/NES_Urbana_777/NES_Urbana_777.srcs/sources_1/imports/src/ppu.sv:665]
WARNING: [VRFC 10-3380] identifier 'DrawX' is used before its declaration [C:/Users/theox/Desktop/NES_Urbana_777/NES_Urbana_777.srcs/sources_1/imports/src/ppu.sv:667]
WARNING: [VRFC 10-3380] identifier 'DrawX' is used before its declaration [C:/Users/theox/Desktop/NES_Urbana_777/NES_Urbana_777.srcs/sources_1/imports/src/ppu.sv:668]
WARNING: [VRFC 10-3380] identifier 'DrawX' is used before its declaration [C:/Users/theox/Desktop/NES_Urbana_777/NES_Urbana_777.srcs/sources_1/imports/src/ppu.sv:670]
WARNING: [VRFC 10-3380] identifier 'DrawX' is used before its declaration [C:/Users/theox/Desktop/NES_Urbana_777/NES_Urbana_777.srcs/sources_1/imports/src/ppu.sv:671]
WARNING: [VRFC 10-3380] identifier 'DrawX' is used before its declaration [C:/Users/theox/Desktop/NES_Urbana_777/NES_Urbana_777.srcs/sources_1/imports/src/ppu.sv:675]
WARNING: [VRFC 10-3380] identifier 'DrawX' is used before its declaration [C:/Users/theox/Desktop/NES_Urbana_777/NES_Urbana_777.srcs/sources_1/imports/src/ppu.sv:677]
WARNING: [VRFC 10-3380] identifier 'DrawX' is used before its declaration [C:/Users/theox/Desktop/NES_Urbana_777/NES_Urbana_777.srcs/sources_1/imports/src/ppu.sv:678]
WARNING: [VRFC 10-3380] identifier 'DrawX' is used before its declaration [C:/Users/theox/Desktop/NES_Urbana_777/NES_Urbana_777.srcs/sources_1/imports/src/ppu.sv:680]
WARNING: [VRFC 10-3380] identifier 'DrawX' is used before its declaration [C:/Users/theox/Desktop/NES_Urbana_777/NES_Urbana_777.srcs/sources_1/imports/src/ppu.sv:681]
WARNING: [VRFC 10-3380] identifier 'DrawX' is used before its declaration [C:/Users/theox/Desktop/NES_Urbana_777/NES_Urbana_777.srcs/sources_1/imports/src/ppu.sv:744]
WARNING: [VRFC 10-3380] identifier 'DrawY' is used before its declaration [C:/Users/theox/Desktop/NES_Urbana_777/NES_Urbana_777.srcs/sources_1/imports/src/ppu.sv:747]
WARNING: [VRFC 10-3380] identifier 'v_blank' is used before its declaration [C:/Users/theox/Desktop/NES_Urbana_777/NES_Urbana_777.srcs/sources_1/imports/src/ppu.sv:751]
WARNING: [VRFC 10-3380] identifier 'palettes' is used before its declaration [C:/Users/theox/Desktop/NES_Urbana_777/NES_Urbana_777.srcs/sources_1/imports/src/ppu.sv:756]
WARNING: [VRFC 10-3380] identifier 'palettes' is used before its declaration [C:/Users/theox/Desktop/NES_Urbana_777/NES_Urbana_777.srcs/sources_1/imports/src/ppu.sv:757]
WARNING: [VRFC 10-3380] identifier 'palettes' is used before its declaration [C:/Users/theox/Desktop/NES_Urbana_777/NES_Urbana_777.srcs/sources_1/imports/src/ppu.sv:758]
INFO: [VRFC 10-2263] Analyzing SystemVerilog file "C:/Users/theox/Desktop/NES_Urbana_777/NES_Urbana_777.srcs/sources_1/imports/src/top.sv" into library xil_defaultlib
INFO: [VRFC 10-311] analyzing module NES_Urbana
WARNING: [VRFC 10-2938] 'clk_ibuf' is already implicitly declared on line 42 [C:/Users/theox/Desktop/NES_Urbana_777/NES_Urbana_777.srcs/sources_1/imports/src/top.sv:69]
WARNING: [VRFC 10-2938] 'locked' is already implicitly declared on line 81 [C:/Users/theox/Desktop/NES_Urbana_777/NES_Urbana_777.srcs/sources_1/imports/src/top.sv:120]
WARNING: [VRFC 10-2938] 'cpu_reset' is already implicitly declared on line 44 [C:/Users/theox/Desktop/NES_Urbana_777/NES_Urbana_777.srcs/sources_1/imports/src/top.sv:195]
WARNING: [VRFC 10-2938] 'cpu_read' is already implicitly declared on line 44 [C:/Users/theox/Desktop/NES_Urbana_777/NES_Urbana_777.srcs/sources_1/imports/src/top.sv:196]
WARNING: [VRFC 10-2938] 'cpu_addr' is already implicitly declared on line 171 [C:/Users/theox/Desktop/NES_Urbana_777/NES_Urbana_777.srcs/sources_1/imports/src/top.sv:197]
WARNING: [VRFC 10-3380] identifier 'locked' is used before its declaration [C:/Users/theox/Desktop/NES_Urbana_777/NES_Urbana_777.srcs/sources_1/imports/src/top.sv:52]
WARNING: [VRFC 10-3380] identifier 'vde' is used before its declaration [C:/Users/theox/Desktop/NES_Urbana_777/NES_Urbana_777.srcs/sources_1/imports/src/top.sv:53]
WARNING: [VRFC 10-3380] identifier 'VGA_HS' is used before its declaration [C:/Users/theox/Desktop/NES_Urbana_777/NES_Urbana_777.srcs/sources_1/imports/src/top.sv:54]
WARNING: [VRFC 10-3380] identifier 'VGA_VS' is used before its declaration [C:/Users/theox/Desktop/NES_Urbana_777/NES_Urbana_777.srcs/sources_1/imports/src/top.sv:55]
WARNING: [VRFC 10-3380] identifier 'dma' is used before its declaration [C:/Users/theox/Desktop/NES_Urbana_777/NES_Urbana_777.srcs/sources_1/imports/src/top.sv:208]
WARNING: [VRFC 10-3380] identifier 'ppu_nmi' is used before its declaration [C:/Users/theox/Desktop/NES_Urbana_777/NES_Urbana_777.srcs/sources_1/imports/src/top.sv:211]
INFO: [VRFC 10-2263] Analyzing SystemVerilog file "C:/Users/theox/Desktop/NES_Urbana_777/NES_Urbana_777.srcs/sim_1/new/tb_top.sv" into library xil_defaultlib
INFO: [VRFC 10-311] analyzing module NES_Urbana_tb
